  aBehaviors.cpp
aBehaviors.cpp(434): warning C4018: '<': signed/unsigned mismatch
aBehaviors.cpp(487): warning C4018: '<': signed/unsigned mismatch
aBehaviors.cpp(541): warning C4018: '<': signed/unsigned mismatch
  libassignment5.vcxproj -> \\nestor\oborisov\Computer_animation\HW-9\HW9 - AnimationToolkit - 2017\libsrc\animation\..\..\lib\libassignment5d.lib
  aActor.h
  aBVHController.h
  aBehaviorController.h
  aBehaviors.h
  aFireworks.h
  aIKController.h
  aJitter.h
  aJoint.h
  aMatrix.h
  aMotion.h
  aMotionController.h
  aParticle.h
  aParticleSystem.h
  aRocket.h
  aRotation.h
  aSkeleton.h
  aSpark.h
  aSplineQuat.h
  aSplineQuaternion.h
  aSplineVec3.h
  aTarget.h
  aTransform.h
  aVector.h
         23 file(s) copied.
